Initial hash value:
H[0] = 6A09E667F3BCC908
H[1] = BB67AE8584CAA73B
H[2] = 3C6EF372FE94F82B
H[3] = A54FF53A5F1D36F1
H[4] = 510E527FADE682D1
H[5] = 9B05688C2B3E6C1F
H[6] = 1F83D9ABFB41BD6B
H[7] = 5BE0CD19137E2179

Block Contents:
W[0]  = 6162638000000000
W[1]  = 0000000000000000
W[2]  = 0000000000000000
W[3]  = 0000000000000000
W[4]  = 0000000000000000
W[5]  = 0000000000000000
W[6]  = 0000000000000000
W[7]  = 0000000000000000
W[8]  = 0000000000000000
W[9]  = 0000000000000000
W[10] = 0000000000000000
W[11] = 0000000000000000
W[12] = 0000000000000000
W[13] = 0000000000000000
W[14] = 0000000000000000
W[15] = 0000000000000018

          A/E               B/F               C/G               D/H
t= 0  F6AFCEB8BCFCDDF5  6A09E667F3BCC908  BB67AE8584CAA73B  3C6EF372FE94F82B
      58CB02347AB51F91  510E527FADE682D1  9B05688C2B3E6C1F  1F83D9ABFB41BD6B
t= 1  1320F8C9FB872CC0  F6AFCEB8BCFCDDF5  6A09E667F3BCC908  BB67AE8584CAA73B
      C3D4EBFD48650FFA  58CB02347AB51F91  510E527FADE682D1  9B05688C2B3E6C1F
t= 2  EBCFFC07203D91F3  1320F8C9FB872CC0  F6AFCEB8BCFCDDF5  6A09E667F3BCC908
      DFA9B239F2697812  C3D4EBFD48650FFA  58CB02347AB51F91  510E527FADE682D1
t= 3  5A83CB3E80050E82  EBCFFC07203D91F3  1320F8C9FB872CC0  F6AFCEB8BCFCDDF5
      0B47B4BB1928990E  DFA9B239F2697812  C3D4EBFD48650FFA  58CB02347AB51F91
t= 4  B680953951604860  5A83CB3E80050E82  EBCFFC07203D91F3  1320F8C9FB872CC0
      745ACA4A342ED2E2  0B47B4BB1928990E  DFA9B239F2697812  C3D4EBFD48650FFA
t= 5  AF573B02403E89CD  B680953951604860  5A83CB3E80050E82  EBCFFC07203D91F3
      96F60209B6DC35BA  745ACA4A342ED2E2  0B47B4BB1928990E  DFA9B239F2697812
t= 6  C4875B0C7ABC076B  AF573B02403E89CD  B680953951604860  5A83CB3E80050E82
      5A6C781F54DCC00C  96F60209B6DC35BA  745ACA4A342ED2E2  0B47B4BB1928990E
t= 7  8093D195E0054FA3  C4875B0C7ABC076B  AF573B02403E89CD  B680953951604860
      86F67263A0F0EC0A  5A6C781F54DCC00C  96F60209B6DC35BA  745ACA4A342ED2E2
t= 8  F1ECA5544CB89225  8093D195E0054FA3  C4875B0C7ABC076B  AF573B02403E89CD
      D0403C398FC40002  86F67263A0F0EC0A  5A6C781F54DCC00C  96F60209B6DC35BA
t= 9  81782D4A5DB48F03  F1ECA5544CB89225  8093D195E0054FA3  C4875B0C7ABC076B
      00091F460BE46C52  D0403C398FC40002  86F67263A0F0EC0A  5A6C781F54DCC00C
t=10  69854C4AA0F25B59  81782D4A5DB48F03  F1ECA5544CB89225  8093D195E0054FA3
      D375471BDE1BA3F4  00091F460BE46C52  D0403C398FC40002  86F67263A0F0EC0A
t=11  DB0A9963F80C2EAA  69854C4AA0F25B59  81782D4A5DB48F03  F1ECA5544CB89225
      475975B91A7A462C  D375471BDE1BA3F4  00091F460BE46C52  D0403C398FC40002
t=12  5E41214388186C14  DB0A9963F80C2EAA  69854C4AA0F25B59  81782D4A5DB48F03
      CDF3BFF2883FC9D9  475975B91A7A462C  D375471BDE1BA3F4  00091F460BE46C52
t=13  44249631255D2CA0  5E41214388186C14  DB0A9963F80C2EAA  69854C4AA0F25B59
      860ACF9EFFBA6F61  CDF3BFF2883FC9D9  475975B91A7A462C  D375471BDE1BA3F4
t=14  FA967EED85A08028  44249631255D2CA0  5E41214388186C14  DB0A9963F80C2EAA
      874BFE5F6AAE9F2F  860ACF9EFFBA6F61  CDF3BFF2883FC9D9  475975B91A7A462C
t=15  0AE07C86B1181C75  FA967EED85A08028  44249631255D2CA0  5E41214388186C14
      A77B7C035DD4C161  874BFE5F6AAE9F2F  860ACF9EFFBA6F61  CDF3BFF2883FC9D9
t=16  CAF81A425D800537  0AE07C86B1181C75  FA967EED85A08028  44249631255D2CA0
      2DEECC6B39D64D78  A77B7C035DD4C161  874BFE5F6AAE9F2F  860ACF9EFFBA6F61
t=17  4725BE249AD19E6B  CAF81A425D800537  0AE07C86B1181C75  FA967EED85A08028
      F47E8353F8047455  2DEECC6B39D64D78  A77B7C035DD4C161  874BFE5F6AAE9F2F
t=18  3C4B4104168E3EDB  4725BE249AD19E6B  CAF81A425D800537  0AE07C86B1181C75
      29695FD88D81DBD0  F47E8353F8047455  2DEECC6B39D64D78  A77B7C035DD4C161
t=19  9A3FB4D38AB6CF06  3C4B4104168E3EDB  4725BE249AD19E6B  CAF81A425D800537
      F14998DD5F70767E  29695FD88D81DBD0  F47E8353F8047455  2DEECC6B39D64D78
t=20  8DC5AE65569D3855  9A3FB4D38AB6CF06  3C4B4104168E3EDB  4725BE249AD19E6B
      4BB9E66D1145BFDC  F14998DD5F70767E  29695FD88D81DBD0  F47E8353F8047455
t=21  DA34D6673D452DCF  8DC5AE65569D3855  9A3FB4D38AB6CF06  3C4B4104168E3EDB
      8E30FF09AD488753  4BB9E66D1145BFDC  F14998DD5F70767E  29695FD88D81DBD0
t=22  3E2644567B709A78  DA34D6673D452DCF  8DC5AE65569D3855  9A3FB4D38AB6CF06
      0AC2B11DA8F571C6  8E30FF09AD488753  4BB9E66D1145BFDC  F14998DD5F70767E
t=23  4F6877B58FE55484  3E2644567B709A78  DA34D6673D452DCF  8DC5AE65569D3855
      C66005F87DB55233  0AC2B11DA8F571C6  8E30FF09AD488753  4BB9E66D1145BFDC
t=24  9AFF71163FA3A940  4F6877B58FE55484  3E2644567B709A78  DA34D6673D452DCF
      D3ECF13769180E6F  C66005F87DB55233  0AC2B11DA8F571C6  8E30FF09AD488753
t=25  0BC5F791F8E6816B  9AFF71163FA3A940  4F6877B58FE55484  3E2644567B709A78
      6DDF1FD7EDCCE336  D3ECF13769180E6F  C66005F87DB55233  0AC2B11DA8F571C6
t=26  884C3BC27BC4F941  0BC5F791F8E6816B  9AFF71163FA3A940  4F6877B58FE55484
      E6E48C9A8E948365  6DDF1FD7EDCCE336  D3ECF13769180E6F  C66005F87DB55233
t=27  EAB4A9E5771B8D09  884C3BC27BC4F941  0BC5F791F8E6816B  9AFF71163FA3A940
      09068A4E255A0DAC  E6E48C9A8E948365  6DDF1FD7EDCCE336  D3ECF13769180E6F
t=28  E62349090F47D30A  EAB4A9E5771B8D09  884C3BC27BC4F941  0BC5F791F8E6816B
      0FCDF99710F21584  09068A4E255A0DAC  E6E48C9A8E948365  6DDF1FD7EDCCE336
t=29  74BF40F869094C63  E62349090F47D30A  EAB4A9E5771B8D09  884C3BC27BC4F941
      F0AEC2FE1437F085  0FCDF99710F21584  09068A4E255A0DAC  E6E48C9A8E948365
t=30  4C4FBBB75F1873A6  74BF40F869094C63  E62349090F47D30A  EAB4A9E5771B8D09
      73E025D91B9EFEA3  F0AEC2FE1437F085  0FCDF99710F21584  09068A4E255A0DAC
t=31  FF4D3F1F0D46A736  4C4FBBB75F1873A6  74BF40F869094C63  E62349090F47D30A
      3CD388E119E8162E  73E025D91B9EFEA3  F0AEC2FE1437F085  0FCDF99710F21584
t=32  A0509015CA08C8D4  FF4D3F1F0D46A736  4C4FBBB75F1873A6  74BF40F869094C63
      E1034573654A106F  3CD388E119E8162E  73E025D91B9EFEA3  F0AEC2FE1437F085
t=33  60D4E6995ED91FE6  A0509015CA08C8D4  FF4D3F1F0D46A736  4C4FBBB75F1873A6
      EFABBD8BF47C041A  E1034573654A106F  3CD388E119E8162E  73E025D91B9EFEA3
t=34  2C59EC7743632621  60D4E6995ED91FE6  A0509015CA08C8D4  FF4D3F1F0D46A736
      0FBAE670FA780FD3  EFABBD8BF47C041A  E1034573654A106F  3CD388E119E8162E
t=35  1A081AFC59FDBC2C  2C59EC7743632621  60D4E6995ED91FE6  A0509015CA08C8D4
      F098082F502B44CD  0FBAE670FA780FD3  EFABBD8BF47C041A  E1034573654A106F
t=36  88DF85B0BBE77514  1A081AFC59FDBC2C  2C59EC7743632621  60D4E6995ED91FE6
      8FBFD0162BBF4675  F098082F502B44CD  0FBAE670FA780FD3  EFABBD8BF47C041A
t=37  002BB8E4CD989567  88DF85B0BBE77514  1A081AFC59FDBC2C  2C59EC7743632621
      66ADCFA249AC7BBD  8FBFD0162BBF4675  F098082F502B44CD  0FBAE670FA780FD3
t=38  B3BB8542B3376DE5  002BB8E4CD989567  88DF85B0BBE77514  1A081AFC59FDBC2C
      B49596C20FEBA7DE  66ADCFA249AC7BBD  8FBFD0162BBF4675  F098082F502B44CD
t=39  8E01E125B855D225  B3BB8542B3376DE5  002BB8E4CD989567  88DF85B0BBE77514
      0C710A47BA6A567B  B49596C20FEBA7DE  66ADCFA249AC7BBD  8FBFD0162BBF4675
t=40  B01521DD6A6BE12C  8E01E125B855D225  B3BB8542B3376DE5  002BB8E4CD989567
      169008B3A4BB170B  0C710A47BA6A567B  B49596C20FEBA7DE  66ADCFA249AC7BBD
t=41  E96F89DD48CBD851  B01521DD6A6BE12C  8E01E125B855D225  B3BB8542B3376DE5
      F0996439E7B50CB1  169008B3A4BB170B  0C710A47BA6A567B  B49596C20FEBA7DE
t=42  BC05BA8DE5D3C480  E96F89DD48CBD851  B01521DD6A6BE12C  8E01E125B855D225
      639CB938E14DC190  F0996439E7B50CB1  169008B3A4BB170B  0C710A47BA6A567B
t=43  35D7E7F41DEFCBD5  BC05BA8DE5D3C480  E96F89DD48CBD851  B01521DD6A6BE12C
      CC5100997F5710F2  639CB938E14DC190  F0996439E7B50CB1  169008B3A4BB170B
t=44  C47C9D5C7EA8A234  35D7E7F41DEFCBD5  BC05BA8DE5D3C480  E96F89DD48CBD851
      858D832AE0E8911C  CC5100997F5710F2  639CB938E14DC190  F0996439E7B50CB1
t=45  021FBADBABAB5AC6  C47C9D5C7EA8A234  35D7E7F41DEFCBD5  BC05BA8DE5D3C480
      E95C2A57572D64D9  858D832AE0E8911C  CC5100997F5710F2  639CB938E14DC190
t=46  F61E672694DE2D67  021FBADBABAB5AC6  C47C9D5C7EA8A234  35D7E7F41DEFCBD5
      C6BC35740D8DAA9A  E95C2A57572D64D9  858D832AE0E8911C  CC5100997F5710F2
t=47  6B69FC1BB482FEAC  F61E672694DE2D67  021FBADBABAB5AC6  C47C9D5C7EA8A234
      35264334C03AC8AD  C6BC35740D8DAA9A  E95C2A57572D64D9  858D832AE0E8911C
t=48  571F323D96B3A047  6B69FC1BB482FEAC  F61E672694DE2D67  021FBADBABAB5AC6
      271580ED6C3E5650  35264334C03AC8AD  C6BC35740D8DAA9A  E95C2A57572D64D9
t=49  CA9BD862C5050918  571F323D96B3A047  6B69FC1BB482FEAC  F61E672694DE2D67
      DFE091DAB182E645  271580ED6C3E5650  35264334C03AC8AD  C6BC35740D8DAA9A
t=50  813A43DD2C502043  CA9BD862C5050918  571F323D96B3A047  6B69FC1BB482FEAC
      07A0D8EF821C5E1A  DFE091DAB182E645  271580ED6C3E5650  35264334C03AC8AD
t=51  D43F83727325DD77  813A43DD2C502043  CA9BD862C5050918  571F323D96B3A047
      483F80A82EAEE23E  07A0D8EF821C5E1A  DFE091DAB182E645  271580ED6C3E5650
t=52  03DF11B32D42E203  D43F83727325DD77  813A43DD2C502043  CA9BD862C5050918
      504F94E40591CFFA  483F80A82EAEE23E  07A0D8EF821C5E1A  DFE091DAB182E645
t=53  D63F68037DDF06AA  03DF11B32D42E203  D43F83727325DD77  813A43DD2C502043
      A6781EFE1AA1CE02  504F94E40591CFFA  483F80A82EAEE23E  07A0D8EF821C5E1A
t=54  F650857B5BABDA4D  D63F68037DDF06AA  03DF11B32D42E203  D43F83727325DD77
      9CCFB31A86DF0F86  A6781EFE1AA1CE02  504F94E40591CFFA  483F80A82EAEE23E
t=55  63B460E42748817E  F650857B5BABDA4D  D63F68037DDF06AA  03DF11B32D42E203
      C6B4DD2A9931C509  9CCFB31A86DF0F86  A6781EFE1AA1CE02  504F94E40591CFFA
t=56  7A52912943D52B05  63B460E42748817E  F650857B5BABDA4D  D63F68037DDF06AA
      D2E89BBD91E00BE0  C6B4DD2A9931C509  9CCFB31A86DF0F86  A6781EFE1AA1CE02
t=57  4B81C3AEC976EA4B  7A52912943D52B05  63B460E42748817E  F650857B5BABDA4D
      70505988124351AC  D2E89BBD91E00BE0  C6B4DD2A9931C509  9CCFB31A86DF0F86
t=58  581ECB3355DCD9B8  4B81C3AEC976EA4B  7A52912943D52B05  63B460E42748817E
      6A3C9B0F71C8BF36  70505988124351AC  D2E89BBD91E00BE0  C6B4DD2A9931C509
t=59  2C074484EF1EAC8C  581ECB3355DCD9B8  4B81C3AEC976EA4B  7A52912943D52B05
      4797CDE4ED370692  6A3C9B0F71C8BF36  70505988124351AC  D2E89BBD91E00BE0
t=60  3857DFD2FC37D3BA  2C074484EF1EAC8C  581ECB3355DCD9B8  4B81C3AEC976EA4B
      A6AF4E9C9F807E51  4797CDE4ED370692  6A3C9B0F71C8BF36  70505988124351AC
t=61  CFCD928C5424E2B6  3857DFD2FC37D3BA  2C074484EF1EAC8C  581ECB3355DCD9B8
      09AEE5BDA1644DE5  A6AF4E9C9F807E51  4797CDE4ED370692  6A3C9B0F71C8BF36
t=62  A81DEDBB9F19E643  CFCD928C5424E2B6  3857DFD2FC37D3BA  2C074484EF1EAC8C
      84058865D60A05FA  09AEE5BDA1644DE5  A6AF4E9C9F807E51  4797CDE4ED370692
t=63  AB44E86276478D85  A81DEDBB9F19E643  CFCD928C5424E2B6  3857DFD2FC37D3BA
      CD881EE59CA6BC53  84058865D60A05FA  09AEE5BDA1644DE5  A6AF4E9C9F807E51
t=64  5A806D7E9821A501  AB44E86276478D85  A81DEDBB9F19E643  CFCD928C5424E2B6
      AA84B086688A5C45  CD881EE59CA6BC53  84058865D60A05FA  09AEE5BDA1644DE5
t=65  EEB9C21BB0102598  5A806D7E9821A501  AB44E86276478D85  A81DEDBB9F19E643
      3B5FED0D6A1F96E1  AA84B086688A5C45  CD881EE59CA6BC53  84058865D60A05FA
t=66  46C4210AB2CC155D  EEB9C21BB0102598  5A806D7E9821A501  AB44E86276478D85
      29FAB5A7BFF53366  3B5FED0D6A1F96E1  AA84B086688A5C45  CD881EE59CA6BC53
t=67  54BA35CF56A0340E  46C4210AB2CC155D  EEB9C21BB0102598  5A806D7E9821A501
      1C66F46D95690BCF  29FAB5A7BFF53366  3B5FED0D6A1F96E1  AA84B086688A5C45
t=68  181839D609C79748  54BA35CF56A0340E  46C4210AB2CC155D  EEB9C21BB0102598
      0ADA78BA2D446140  1C66F46D95690BCF  29FAB5A7BFF53366  3B5FED0D6A1F96E1
t=69  FB6AAAE5D0B6A447  181839D609C79748  54BA35CF56A0340E  46C4210AB2CC155D
      E3711CB6564D112D  0ADA78BA2D446140  1C66F46D95690BCF  29FAB5A7BFF53366
t=70  7652C579CB60F19C  FB6AAAE5D0B6A447  181839D609C79748  54BA35CF56A0340E
      AFF62C9665FF80FA  E3711CB6564D112D  0ADA78BA2D446140  1C66F46D95690BCF
t=71  F15E9664B2803575  7652C579CB60F19C  FB6AAAE5D0B6A447  181839D609C79748
      947C3DFAFEE570EF  AFF62C9665FF80FA  E3711CB6564D112D  0ADA78BA2D446140
t=72  358406D165AEE9AB  F15E9664B2803575  7652C579CB60F19C  FB6AAAE5D0B6A447
      8C7B5FD91A794CA0  947C3DFAFEE570EF  AFF62C9665FF80FA  E3711CB6564D112D
t=73  20878DCD29CDFAF5  358406D165AEE9AB  F15E9664B2803575  7652C579CB60F19C
      054D3536539948D0  8C7B5FD91A794CA0  947C3DFAFEE570EF  AFF62C9665FF80FA
t=74  33D48DABB5521DE2  20878DCD29CDFAF5  358406D165AEE9AB  F15E9664B2803575
      2BA18245B50DE4CF  054D3536539948D0  8C7B5FD91A794CA0  947C3DFAFEE570EF
t=75  C8960E6BE864B916  33D48DABB5521DE2  20878DCD29CDFAF5  358406D165AEE9AB
      995019A6FF3BA3DE  2BA18245B50DE4CF  054D3536539948D0  8C7B5FD91A794CA0
t=76  654EF9ABEC389CA9  C8960E6BE864B916  33D48DABB5521DE2  20878DCD29CDFAF5
      CEB9FC3691CE8326  995019A6FF3BA3DE  2BA18245B50DE4CF  054D3536539948D0
t=77  D67806DB8B148677  654EF9ABEC389CA9  C8960E6BE864B916  33D48DABB5521DE2
      25C96A7768FB2AA3  CEB9FC3691CE8326  995019A6FF3BA3DE  2BA18245B50DE4CF
t=78  10D9C4C4295599F6  D67806DB8B148677  654EF9ABEC389CA9  C8960E6BE864B916
      9BB4D39778C07F9E  25C96A7768FB2AA3  CEB9FC3691CE8326  995019A6FF3BA3DE
t=79  73A54F399FA4B1B2  10D9C4C4295599F6  D67806DB8B148677  654EF9ABEC389CA9
      D08446AA79693ED7  9BB4D39778C07F9E  25C96A7768FB2AA3  CEB9FC3691CE8326

H[0] = 6A09E667F3BCC908 + 73A54F3A9FA4B1B2 = DDAF35A193617ABA
H[1] = BB67AE8584CAA73B + 10D9C4C4295599F6 = CC417349AE204131
H[2] = 3C6EF372FE94F82B + D67806DC8B148677 = 12E6FA4E89A97EA2
H[3] = A54FF53A5F1D36F1 + 654EF9ACEC389CA9 = 0A9EEEE64B55D39A
H[4] = 510E527FADE682D1 + D08446AB79693ED7 = 2192992A274FC1A8
H[5] = 9B05688C2B3E6C1F + 9BB4D39778C07F9E = 36BA3C23A3FEEBBD
H[6] = 1F83D9ABFB41BD6B + 25C96A7868FB2AA3 = 454D4423643CE80E
H[7] = 5BE0CD19137E2179 + CEB9FC3668FB2AA3 = 2A9AC94FA54CA49F

'abc' -> 'ddaf35a193617abacc417349ae20413112e6fa4e89a97ea20a9eeee64b55d39a2192992a274fc1a836ba3c23a3feebbd454d4423643ce80e2a9ac94fa54ca49f'
